<?xml version="1.0" encoding="UTF-8"?>
<!-- Generated by org.testng.reporters.JUnitReportReporter -->
<testsuite hostname="ZIL660" failures="0" tests="4" name="Practice.TestNGAdvanced" time="0.006" errors="0" timestamp="29 Dec 2023 10:59:58 GMT" skipped="0">
  <testcase classname="Practice.TestNGAdvanced" name="myFirstTest" time="0.000"/>
  <testcase classname="Practice.TestNGAdvanced" name="dependentTest" time="0.005"/>
  <testcase classname="Practice.TestNGAdvanced" name="smokeTest1" time="0.001"/>
  <testcase classname="Practice.TestNGAdvanced" name="smokeTest2" time="0.000"/>
</testsuite> <!-- Practice.TestNGAdvanced -->
