<?xml version="1.0" encoding="UTF-8"?>
<!-- Generated by org.testng.reporters.JUnitReportReporter -->
<testsuite hostname="ZIL660" failures="0" tests="4" name="Practice.GroupedTestsExample" time="0.009" errors="0" timestamp="2023-12-30T01:02:54 IST" skipped="0">
  <testcase classname="Practice.GroupedTestsExample" name="testUIOperation1" time="0.001"/>
  <testcase classname="Practice.GroupedTestsExample" name="testDatabaseOperation1" time="0.006"/>
  <testcase classname="Practice.GroupedTestsExample" name="testDatabaseOperation2" time="0.001"/>
  <testcase classname="Practice.GroupedTestsExample" name="testUIOperation2" time="0.001"/>
</testsuite> <!-- Practice.GroupedTestsExample -->
