<?xml version="1.0" encoding="UTF-8"?>
<!-- Generated by org.testng.reporters.JUnitReportReporter -->
<testsuite hostname="ZIL660" failures="0" tests="1" name="Practice.ParameterizedTest" time="0.020" errors="0" timestamp="2023-12-30T11:35:51 IST" skipped="0">
  <testcase classname="Practice.ParameterizedTest" name="loginTest" time="0.020"/>
</testsuite> <!-- Practice.ParameterizedTest -->
