<?xml version="1.0" encoding="UTF-8"?>
<!-- Generated by org.testng.reporters.JUnitReportReporter -->
<testsuite hostname="ZIL660" failures="0" tests="4" name="Practice.TestNGBeforeAfter" time="28.569" errors="0" timestamp="2023-12-31T11:58:06 IST" skipped="0">
  <testcase classname="Practice.TestNGBeforeAfter" name="regressionTest2" time="6.765"/>
  <testcase classname="Practice.TestNGBeforeAfter" name="regressionTest3" time="6.908"/>
  <testcase classname="Practice.TestNGBeforeAfter" name="regressionTest4" time="7.310"/>
  <testcase classname="Practice.TestNGBeforeAfter" name="regressionTest1" time="7.586"/>
</testsuite> <!-- Practice.TestNGBeforeAfter -->
