<?xml version="1.0" encoding="UTF-8"?>
<!-- Generated by org.testng.reporters.JUnitReportReporter -->
<testsuite hostname="ZIL660" failures="0" tests="1" name="Practice.TestNGPractice" time="0.007" errors="0" timestamp="2023-12-30T11:28:14 IST" skipped="0">
  <testcase classname="Practice.TestNGPractice" name="testLogin" time="0.007"/>
</testsuite> <!-- Practice.TestNGPractice -->
